<?xml version="1.0" encoding="UTF-8"?>
<!-- Generated by org.testng.reporters.JUnitReportReporter -->
<testsuite hostname="QAs-Mac-mini.local" name="launchBrowser.LavaAnalyticsReport" tests="1" failures="0" timestamp="6 May 2016 10:09:13 GMT" time="9.726" errors="0">
  <testcase name="LaunchWebBrowser" time="9.726" classname="launchBrowser.LavaAnalyticsReport"/>
</testsuite> <!-- launchBrowser.LavaAnalyticsReport -->
