<?xml version="1.0" encoding="UTF-8"?>
<!-- Generated by org.testng.reporters.JUnitReportReporter -->
<testsuite hostname="QAs-Mac-mini.local" name="analytics.analytics" tests="1" failures="0" timestamp="10 May 2016 10:34:07 GMT" time="115.897" errors="0">
  <testcase name="verify" time="115.897" classname="analytics.analytics"/>
</testsuite> <!-- analytics.analytics -->
